<?xml version="1.0" encoding="UTF-8"?>
<!-- Generated by org.testng.reporters.JUnitReportReporter -->
<testsuite skipped="0" hostname="chamara-mbp.local" name="FirstGETCall" tests="2" failures="0" timestamp="11 May 2018 10:38:59 GMT" time="10.404" errors="0">
  <testcase name="GetWeather" time="5.448" classname="FirstGETCall"/>
  <testcase name="GetWeatherInvalidCity" time="4.956" classname="FirstGETCall"/>
</testsuite> <!-- FirstGETCall -->
