<?xml version="1.0" encoding="UTF-8"?>
<!-- Generated by org.testng.reporters.JUnitReportReporter -->
<testsuite skipped="0" hostname="chamara-mbp.local" name="ArrowMiiTests.BroadcastIteratorTest" tests="1" failures="0" timestamp="16 Mar 2018 02:16:42 GMT" time="4.396" errors="0">
  <testcase name="broadcastIterator" time="4.396" classname="ArrowMiiTests.BroadcastIteratorTest"/>
</testsuite> <!-- ArrowMiiTests.BroadcastIteratorTest -->
