<?xml version="1.0" encoding="UTF-8"?>
<!-- Generated by org.testng.reporters.JUnitReportReporter -->
<testsuite skipped="0" hostname="chamara-mbp.local" name="ArrowMiiTests.LoginTest" tests="1" failures="0" timestamp="15 Mar 2018 10:53:48 GMT" time="3.953" errors="0">
  <testcase name="broadcastIterator" time="3.953" classname="ArrowMiiTests.LoginTest"/>
</testsuite> <!-- ArrowMiiTests.LoginTest -->
